
Collecting usage statistics. To deactivate, set browser.gatherUsageStats to False.


  You can now view your Streamlit app in your browser.

  Network URL: http://172.26.1.37:8050
  External URL: http://13.126.102.15:8050

/home/geeta/sim-opt-tool/deployment/classes.py:104: RuntimeWarning: divide by zero encountered in divide
  x = np.where(x < self.upper_limit, x, self.upper_limit + (x - self.upper_limit) * self.upper_limit / x)
/home/geeta/sim-opt-tool/deployment/classes.py:104: RuntimeWarning: divide by zero encountered in divide
  x = np.where(x < self.upper_limit, x, self.upper_limit + (x - self.upper_limit) * self.upper_limit / x)
/home/geeta/sim-opt-tool/deployment/classes.py:104: RuntimeWarning: divide by zero encountered in divide
  x = np.where(x < self.upper_limit, x, self.upper_limit + (x - self.upper_limit) * self.upper_limit / x)
/home/geeta/sim-opt-tool/deployment/classes.py:104: RuntimeWarning: divide by zero encountered in divide
  x = np.where(x < self.upper_limit, x, self.upper_limit + (x - self.upper_limit) * self.upper_limit / x)
/home/geeta/sim-opt-tool/deployment/classes.py:104: RuntimeWarning: divide by zero encountered in divide
  x = np.where(x < self.upper_limit, x, self.upper_limit + (x - self.upper_limit) * self.upper_limit / x)
/home/geeta/sim-opt-tool/deployment/classes.py:104: RuntimeWarning: divide by zero encountered in divide
  x = np.where(x < self.upper_limit, x, self.upper_limit + (x - self.upper_limit) * self.upper_limit / x)
/home/geeta/sim-opt-tool/deployment/classes.py:104: RuntimeWarning: divide by zero encountered in divide
  x = np.where(x < self.upper_limit, x, self.upper_limit + (x - self.upper_limit) * self.upper_limit / x)
/home/geeta/sim-opt-tool/deployment/utilities.py:178: FutureWarning: Dropping of nuisance columns in DataFrame reductions (with 'numeric_only=None') is deprecated; in a future version this will raise TypeError.  Select only valid columns before calling the reduction.
  correction = output_df.drop('Date',axis=1).sum(axis=1).values[-52:] -  (sales + other_contributions)
/home/geeta/sim-opt-tool/deployment/classes.py:104: RuntimeWarning: divide by zero encountered in divide
  x = np.where(x < self.upper_limit, x, self.upper_limit + (x - self.upper_limit) * self.upper_limit / x)
/home/geeta/sim-opt-tool/deployment/Overview.py:61: FutureWarning: this method is deprecated in favour of `Styler.hide(axis="index")`
  st.markdown(actual_summary_df.style.set_table_styles(
/home/geeta/sim-opt-tool/deployment/pages/1_Scenario_Planner.py:173: RuntimeWarning:

divide by zero encountered in divide

name
authentication_status
authenticator
username
config
FormSubmitter:Login-Login
FormSubmitter:Forgot password-Submit
logout
init
name
authentication_status
authenticator
username
config
FormSubmitter:Login-Login
FormSubmitter:Forgot password-Submit
logout
init
State initialized
PaidSocial_Facebook_Desktop_Imp
username
xlsx_buffer
PaidSearch_Google_NonBrand_Spend
default_scenario_dict
contri_df
actual_df
TV_CTV_Spend
Video_YouTubeToF_Imp
scenario
raw_df
initialized
set
channels_list
FormSubmitter:Login-Login
PaidSocial_Facebook_Linkedin_Spend
total_spends_change
TV_Hulu_Imp
Display_Quora_Clicks
Display_Google_Imp
name
authentication_status
authenticator
Mobile_GoogleUAC_Spend
PaidSearch_Bing_Brand_Clicks
config
TV_OTTCTV_Imp
logout
Display_MSAN_Clicks
Video_Taboola_Imp
PaidSocial_Facebook_Mobile_Spend
TV_Linaer30_Spend
Display_Taboola_Imp
PaidSearch_Bing_NonBrand_Clicks
init
rcs
Video_YouTubeDR_Imp
disable_download_button
optimization_channels
Mobile_Liftoff_Imp
Affiliates_AdBlock_Clicks
TV_Linaer15_Spend
Affiliates_Desktop_Spend
PaidSearch_Google_Brand_Clicks
saved_scenarios
PaidSocial_Facebook_Desktop_Imp
username
xlsx_buffer
PaidSearch_Google_NonBrand_Spend
default_scenario_dict
contri_df
actual_df
TV_CTV_Spend
Video_YouTubeToF_Imp
scenario
raw_df
initialized
set
channels_list
PaidSocial_Facebook_Linkedin_Spend
total_spends_change
TV_Hulu_Imp
Display_Quora_Clicks
Display_Google_Imp
name
authentication_status
authenticator
Mobile_GoogleUAC_Spend
PaidSearch_Bing_Brand_Clicks
config
TV_OTTCTV_Imp
logout
Display_MSAN_Clicks
Video_Taboola_Imp
PaidSocial_Facebook_Mobile_Spend
TV_Linaer30_Spend
Display_Taboola_Imp
PaidSearch_Bing_NonBrand_Clicks
init
rcs
Video_YouTubeDR_Imp
disable_download_button
optimization_channels
Mobile_Liftoff_Imp
Affiliates_AdBlock_Clicks
TV_Linaer15_Spend
Affiliates_Desktop_Spend
PaidSearch_Google_Brand_Clicks
saved_scenarios
PaidSocial_Facebook_Desktop_Imp
username
xlsx_buffer
PaidSearch_Google_NonBrand_Spend
default_scenario_dict
contri_df
actual_df
TV_CTV_Spend
Video_YouTubeToF_Imp
scenario
raw_df
initialized
set
channels_list
PaidSocial_Facebook_Linkedin_Spend
total_spends_change
TV_Hulu_Imp
Display_Quora_Clicks
Display_Google_Imp
name
authentication_status
authenticator
Mobile_GoogleUAC_Spend
PaidSearch_Bing_Brand_Clicks
config
TV_OTTCTV_Imp
logout
Display_MSAN_Clicks
Video_Taboola_Imp
PaidSocial_Facebook_Mobile_Spend
TV_Linaer30_Spend
Display_Taboola_Imp
PaidSearch_Bing_NonBrand_Clicks
init
rcs
Video_YouTubeDR_Imp
disable_download_button
optimization_channels
Mobile_Liftoff_Imp
Affiliates_AdBlock_Clicks
TV_Linaer15_Spend
Affiliates_Desktop_Spend
PaidSearch_Google_Brand_Clicks
saved_scenarios
['xlsx_buffer', 'contri_df', 'actual_df', 'Video_YouTubeToF_Imp', 'channels_list', 'PaidSocial_Facebook_Linkedin_Spend', 'TV_Hulu_Imp', 'Display_Quora_Clicks', 'authentication_status', 'authenticator', 'PaidSearch_Bing_Brand_Clicks', 'TV_OTTCTV_Imp', 'logout', 'Display_MSAN_Clicks', 'Video_Taboola_Imp', 'PaidSocial_Facebook_Mobile_Spend', 'init', 'optimization_channels', 'Affiliates_AdBlock_Clicks', 'TV_Linaer15_Spend', 'Affiliates_Desktop_Spend', 'saved_scenarios', 'PaidSocial_Facebook_Desktop_Imp', 'username', 'PaidSearch_Google_NonBrand_Spend', 'default_scenario_dict', 'TV_CTV_Spend', 'scenario', 'raw_df', 'initialized', 'set', 'total_spends_change', 'Display_Google_Imp', 'name', 'Mobile_GoogleUAC_Spend', 'config', 'TV_Linaer30_Spend', 'Display_Taboola_Imp', 'PaidSearch_Bing_NonBrand_Clicks', 'rcs', 'Video_YouTubeDR_Imp', 'disable_download_button', 'Mobile_Liftoff_Imp', 'PaidSearch_Google_Brand_Clicks']
4.2M
4.3M
37M
133.8K
600.5K
2.3M
5.9M
4.1M
1.8M
24.6M
5.8M
70.6M
2.5M
623.8K
1.7M
3.4M
3.9M
2.2M
1.2M
356.8K
343.5K
72.3M
19.9M
TV_Linaer30_Spend
Mobile_Liftoff_Imp_change
TV_Linaer30_Spend_change
Video_YouTubeDR_Imp
xlsx_buffer
PaidSearch_Google_NonBrand_Spend_change
TV_Linaer15_Spend_change
PaidSearch_Bing_NonBrand_Clicks
contri_df
actual_df
PaidSocial_Facebook_Desktop_Imp
PaidSocial_Facebook_Desktop_Imp_change
TV_Hulu_Imp_selected
Affiliates_Desktop_Spend_change
Mobile_Liftoff_Imp_selected
channels_list
Display_MSAN_Clicks_change
PaidSocial_Facebook_Mobile_Spend
Affiliates_Desktop_Spend
PaidSocial_Facebook_Desktop_Imp_selected
Display_MSAN_Clicks_selected
Display_Quora_Clicks_change
Affiliates_Desktop_Spend_selected
TV_Hulu_Imp
PaidSocial_Facebook_Mobile_Spend_change
authentication_status
authenticator
Video_YouTubeDR_Imp_selected
Video_Taboola_Imp_selected
logout
Video_YouTubeToF_Imp
init
Display_Taboola_Imp
Mobile_GoogleUAC_Spend_selected
Display_Google_Imp_change
optimization_channels
TV_Linaer15_Spend_selected
Display_Quora_Clicks_selected
Mobile_GoogleUAC_Spend_change
PaidSearch_Google_Brand_Clicks_selected
PaidSocial_Facebook_Mobile_Spend_selected
PaidSearch_Bing_NonBrand_Clicks_change
Video_YouTubeToF_Imp_selected
TV_CTV_Spend_selected
PaidSocial_Facebook_Linkedin_Spend_change
saved_scenarios
Affiliates_AdBlock_Clicks_selected
username
Mobile_Liftoff_Imp
Display_Taboola_Imp_selected
TV_OTTCTV_Imp_change
Display_Google_Imp
PaidSearch_Google_NonBrand_Spend
default_scenario_dict
Display_MSAN_Clicks
Affiliates_AdBlock_Clicks
scenario
Video_YouTubeToF_Imp_change
PaidSearch_Google_Brand_Clicks_change
TV_Linaer30_Spend_selected
Display_Quora_Clicks
Video_YouTubeDR_Imp_change
Affiliates_AdBlock_Clicks_change
raw_df
initialized
Video_Taboola_Imp_change
set
PaidSearch_Google_NonBrand_Spend_selected
PaidSocial_Facebook_Linkedin_Spend
Display_Taboola_Imp_change
PaidSearch_Bing_Brand_Clicks_change
optimze_all_channels
TV_OTTCTV_Imp_selected
name
PaidSearch_Bing_NonBrand_Clicks_selected
TV_CTV_Spend
PaidSocial_Facebook_Linkedin_Spend_selected
config
Video_Taboola_Imp
Mobile_GoogleUAC_Spend
PaidSearch_Bing_Brand_Clicks
TV_OTTCTV_Imp
TV_CTV_Spend_change
TV_Hulu_Imp_change
PaidSearch_Bing_Brand_Clicks_selected
rcs
disable_download_button
Display_Google_Imp_selected
PaidSearch_Google_Brand_Clicks
TV_Linaer15_Spend
total_spends_change
/home/geeta/sim-opt-tool/deployment/classes.py:104: RuntimeWarning:

divide by zero encountered in divide

['TV_Linaer30_Spend', 'TV_Linaer30_Spend_change', 'Video_YouTubeDR_Imp', 'TV_Linaer15_Spend_change', 'PaidSearch_Bing_NonBrand_Clicks', 'contri_df', 'actual_df', 'PaidSocial_Facebook_Desktop_Imp', 'TV_Hulu_Imp_selected', 'Affiliates_Desktop_Spend_change', 'Mobile_Liftoff_Imp_selected', 'PaidSocial_Facebook_Mobile_Spend', 'PaidSocial_Facebook_Desktop_Imp_selected', 'Display_MSAN_Clicks_selected', 'authenticator', 'Video_YouTubeDR_Imp_selected', 'init', 'Mobile_GoogleUAC_Spend_selected', 'optimization_channels', 'TV_Linaer15_Spend_selected', 'Display_Quora_Clicks_selected', 'Mobile_GoogleUAC_Spend_change', 'PaidSearch_Google_Brand_Clicks_selected', 'PaidSocial_Facebook_Mobile_Spend_selected', 'TV_CTV_Spend_selected', 'Affiliates_AdBlock_Clicks_selected', 'username', 'Display_Taboola_Imp_selected', 'Display_Google_Imp', 'default_scenario_dict', 'Display_MSAN_Clicks', 'scenario', 'PaidSearch_Google_Brand_Clicks_change', 'Affiliates_AdBlock_Clicks_change', 'Video_Taboola_Imp_change', 'set', 'PaidSearch_Bing_Brand_Clicks_change', 'PaidSearch_Bing_NonBrand_Clicks_selected', 'PaidSocial_Facebook_Linkedin_Spend_selected', 'config', 'Video_Taboola_Imp', 'Mobile_GoogleUAC_Spend', 'PaidSearch_Bing_Brand_Clicks', 'TV_OTTCTV_Imp', 'TV_Hulu_Imp_change', 'PaidSearch_Bing_Brand_Clicks_selected', 'rcs', 'total_spends_change', 'Mobile_Liftoff_Imp_change', 'xlsx_buffer', 'PaidSearch_Google_NonBrand_Spend_change', 'PaidSocial_Facebook_Desktop_Imp_change', 'channels_list', 'Display_MSAN_Clicks_change', 'Affiliates_Desktop_Spend', 'Display_Quora_Clicks_change', 'Affiliates_Desktop_Spend_selected', 'TV_Hulu_Imp', 'PaidSocial_Facebook_Mobile_Spend_change', 'authentication_status', 'Video_Taboola_Imp_selected', 'logout', 'Video_YouTubeToF_Imp', 'Display_Taboola_Imp', 'Display_Google_Imp_change', 'PaidSearch_Bing_NonBrand_Clicks_change', 'Video_YouTubeToF_Imp_selected', 'PaidSocial_Facebook_Linkedin_Spend_change', 'saved_scenarios', 'Mobile_Liftoff_Imp', 'TV_OTTCTV_Imp_change', 'PaidSearch_Google_NonBrand_Spend', 'Affiliates_AdBlock_Clicks', 'Video_YouTubeToF_Imp_change', 'TV_Linaer30_Spend_selected', 'Display_Quora_Clicks', 'Video_YouTubeDR_Imp_change', 'raw_df', 'initialized', 'PaidSearch_Google_NonBrand_Spend_selected', 'PaidSocial_Facebook_Linkedin_Spend', 'Display_Taboola_Imp_change', 'optimze_all_channels', 'TV_OTTCTV_Imp_selected', 'name', 'TV_CTV_Spend', 'TV_CTV_Spend_change', 'disable_download_button', 'Display_Google_Imp_selected', 'PaidSearch_Google_Brand_Clicks', 'TV_Linaer15_Spend']
4.2M
4.3M
37M
133.8K
600.5K
2.3M
5.9M
4.1M
1.8M
24.6M
5.8M
70.6M
2.5M
623.8K
1.7M
3.4M
3.9M
2.2M
1.2M
356.8K
343.5K
72.3M
19.9M
TV_Linaer30_Spend
Mobile_Liftoff_Imp_change
TV_Linaer30_Spend_change
Video_YouTubeDR_Imp
xlsx_buffer
PaidSearch_Google_NonBrand_Spend_change
TV_Linaer15_Spend_change
PaidSearch_Bing_NonBrand_Clicks
contri_df
actual_df
PaidSocial_Facebook_Desktop_Imp
PaidSocial_Facebook_Desktop_Imp_change
scenario_input
TV_Hulu_Imp_selected
Affiliates_Desktop_Spend_change
Mobile_Liftoff_Imp_selected
channels_list
Display_MSAN_Clicks_change
PaidSocial_Facebook_Mobile_Spend
Affiliates_Desktop_Spend
PaidSocial_Facebook_Desktop_Imp_selected
Display_MSAN_Clicks_selected
Display_Quora_Clicks_change
Affiliates_Desktop_Spend_selected
TV_Hulu_Imp
PaidSocial_Facebook_Mobile_Spend_change
authentication_status
authenticator
Video_YouTubeDR_Imp_selected
Video_Taboola_Imp_selected
logout
Video_YouTubeToF_Imp
init
Display_Taboola_Imp
Mobile_GoogleUAC_Spend_selected
Display_Google_Imp_change
optimization_channels
TV_Linaer15_Spend_selected
Display_Quora_Clicks_selected
Mobile_GoogleUAC_Spend_change
PaidSearch_Google_Brand_Clicks_selected
PaidSocial_Facebook_Mobile_Spend_selected
PaidSearch_Bing_NonBrand_Clicks_change
Video_YouTubeToF_Imp_selected
TV_CTV_Spend_selected
PaidSocial_Facebook_Linkedin_Spend_change
saved_scenarios
Affiliates_AdBlock_Clicks_selected
username
Mobile_Liftoff_Imp
Display_Taboola_Imp_selected
TV_OTTCTV_Imp_change
Display_Google_Imp
PaidSearch_Google_NonBrand_Spend
default_scenario_dict
Display_MSAN_Clicks
Affiliates_AdBlock_Clicks
scenario
Video_YouTubeToF_Imp_change
PaidSearch_Google_Brand_Clicks_change
TV_Linaer30_Spend_selected
Display_Quora_Clicks
Video_YouTubeDR_Imp_change
Affiliates_AdBlock_Clicks_change
raw_df
initialized
Video_Taboola_Imp_change
set
PaidSearch_Google_NonBrand_Spend_selected
PaidSocial_Facebook_Linkedin_Spend
Display_Taboola_Imp_change
PaidSearch_Bing_Brand_Clicks_change
optimze_all_channels
TV_OTTCTV_Imp_selected
name
PaidSearch_Bing_NonBrand_Clicks_selected
TV_CTV_Spend
PaidSocial_Facebook_Linkedin_Spend_selected
config
Video_Taboola_Imp
Mobile_GoogleUAC_Spend
PaidSearch_Bing_Brand_Clicks
TV_OTTCTV_Imp
TV_CTV_Spend_change
TV_Hulu_Imp_change
PaidSearch_Bing_Brand_Clicks_selected
rcs
disable_download_button
Display_Google_Imp_selected
PaidSearch_Google_Brand_Clicks
TV_Linaer15_Spend
total_spends_change
['TV_Linaer30_Spend', 'TV_Linaer30_Spend_change', 'Video_YouTubeDR_Imp', 'TV_Linaer15_Spend_change', 'PaidSearch_Bing_NonBrand_Clicks', 'contri_df', 'actual_df', 'PaidSocial_Facebook_Desktop_Imp', 'scenario_input', 'TV_Hulu_Imp_selected', 'Affiliates_Desktop_Spend_change', 'Mobile_Liftoff_Imp_selected', 'PaidSocial_Facebook_Mobile_Spend', 'PaidSocial_Facebook_Desktop_Imp_selected', 'Display_MSAN_Clicks_selected', 'authenticator', 'Video_YouTubeDR_Imp_selected', 'init', 'Mobile_GoogleUAC_Spend_selected', 'optimization_channels', 'TV_Linaer15_Spend_selected', 'Display_Quora_Clicks_selected', 'Mobile_GoogleUAC_Spend_change', 'PaidSearch_Google_Brand_Clicks_selected', 'PaidSocial_Facebook_Mobile_Spend_selected', 'TV_CTV_Spend_selected', 'Affiliates_AdBlock_Clicks_selected', 'username', 'Display_Taboola_Imp_selected', 'Display_Google_Imp', 'default_scenario_dict', 'Display_MSAN_Clicks', 'scenario', 'PaidSearch_Google_Brand_Clicks_change', 'Affiliates_AdBlock_Clicks_change', 'Video_Taboola_Imp_change', 'set', 'PaidSearch_Bing_Brand_Clicks_change', 'PaidSearch_Bing_NonBrand_Clicks_selected', 'PaidSocial_Facebook_Linkedin_Spend_selected', 'config', 'Video_Taboola_Imp', 'Mobile_GoogleUAC_Spend', 'PaidSearch_Bing_Brand_Clicks', 'TV_OTTCTV_Imp', 'TV_Hulu_Imp_change', 'PaidSearch_Bing_Brand_Clicks_selected', 'rcs', 'total_spends_change', 'Mobile_Liftoff_Imp_change', 'xlsx_buffer', 'PaidSearch_Google_NonBrand_Spend_change', 'PaidSocial_Facebook_Desktop_Imp_change', 'channels_list', 'Display_MSAN_Clicks_change', 'Affiliates_Desktop_Spend', 'Display_Quora_Clicks_change', 'Affiliates_Desktop_Spend_selected', 'TV_Hulu_Imp', 'PaidSocial_Facebook_Mobile_Spend_change', 'authentication_status', 'Video_Taboola_Imp_selected', 'logout', 'Video_YouTubeToF_Imp', 'Display_Taboola_Imp', 'Display_Google_Imp_change', 'PaidSearch_Bing_NonBrand_Clicks_change', 'Video_YouTubeToF_Imp_selected', 'PaidSocial_Facebook_Linkedin_Spend_change', 'saved_scenarios', 'Mobile_Liftoff_Imp', 'TV_OTTCTV_Imp_change', 'PaidSearch_Google_NonBrand_Spend', 'Affiliates_AdBlock_Clicks', 'Video_YouTubeToF_Imp_change', 'TV_Linaer30_Spend_selected', 'Display_Quora_Clicks', 'Video_YouTubeDR_Imp_change', 'raw_df', 'initialized', 'PaidSearch_Google_NonBrand_Spend_selected', 'PaidSocial_Facebook_Linkedin_Spend', 'Display_Taboola_Imp_change', 'optimze_all_channels', 'TV_OTTCTV_Imp_selected', 'name', 'TV_CTV_Spend', 'TV_CTV_Spend_change', 'disable_download_button', 'Display_Google_Imp_selected', 'PaidSearch_Google_Brand_Clicks', 'TV_Linaer15_Spend']
4.2M
4.3M
37M
133.8K
600.5K
2.3M
5.9M
4.1M
1.8M
24.6M
5.8M
70.6M
2.5M
623.8K
1.7M
3.4M
3.9M
2.2M
1.2M
356.8K
343.5K
72.3M
19.9M
<class 'collections.OrderedDict'>
TV_Linaer30_Spend
Mobile_Liftoff_Imp_change
TV_Linaer30_Spend_change
Video_YouTubeDR_Imp
xlsx_buffer
PaidSearch_Google_NonBrand_Spend_change
TV_Linaer15_Spend_change
PaidSearch_Bing_NonBrand_Clicks
contri_df
actual_df
PaidSocial_Facebook_Desktop_Imp
PaidSocial_Facebook_Desktop_Imp_change
scenario_input
TV_Hulu_Imp_selected
Affiliates_Desktop_Spend_change
Mobile_Liftoff_Imp_selected
channels_list
Display_MSAN_Clicks_change
PaidSocial_Facebook_Mobile_Spend
Affiliates_Desktop_Spend
PaidSocial_Facebook_Desktop_Imp_selected
Display_MSAN_Clicks_selected
Display_Quora_Clicks_change
/home/geeta/sim-opt-tool/deployment/pages/2_Saved_Scenarios.py:220: FutureWarning:

this method is deprecated in favour of `Styler.hide(axis="index")`

Affiliates_Desktop_Spend_selected
TV_Hulu_Imp
PaidSocial_Facebook_Mobile_Spend_change
authentication_status
authenticator
Video_YouTubeDR_Imp_selected
Video_Taboola_Imp_selected
logout
Video_YouTubeToF_Imp
init
Display_Taboola_Imp
Mobile_GoogleUAC_Spend_selected
Display_Google_Imp_change
optimization_channels
TV_Linaer15_Spend_selected
Display_Quora_Clicks_selected
Mobile_GoogleUAC_Spend_change
PaidSearch_Google_Brand_Clicks_selected
PaidSocial_Facebook_Mobile_Spend_selected
PaidSearch_Bing_NonBrand_Clicks_change
Video_YouTubeToF_Imp_selected
TV_CTV_Spend_selected
PaidSocial_Facebook_Linkedin_Spend_change
saved_scenarios
Affiliates_AdBlock_Clicks_selected
username
Mobile_Liftoff_Imp
Display_Taboola_Imp_selected
TV_OTTCTV_Imp_change
Display_Google_Imp
PaidSearch_Google_NonBrand_Spend
default_scenario_dict
Display_MSAN_Clicks
Affiliates_AdBlock_Clicks
scenario
Video_YouTubeToF_Imp_change
PaidSearch_Google_Brand_Clicks_change
TV_Linaer30_Spend_selected
Display_Quora_Clicks
Video_YouTubeDR_Imp_change
Affiliates_AdBlock_Clicks_change
raw_df
initialized
Video_Taboola_Imp_change
set
PaidSearch_Google_NonBrand_Spend_selected
PaidSocial_Facebook_Linkedin_Spend
Display_Taboola_Imp_change
PaidSearch_Bing_Brand_Clicks_change
optimze_all_channels
TV_OTTCTV_Imp_selected
name
PaidSearch_Bing_NonBrand_Clicks_selected
TV_CTV_Spend
PaidSocial_Facebook_Linkedin_Spend_selected
config
Video_Taboola_Imp
Mobile_GoogleUAC_Spend
PaidSearch_Bing_Brand_Clicks
TV_OTTCTV_Imp
TV_CTV_Spend_change
TV_Hulu_Imp_change
PaidSearch_Bing_Brand_Clicks_selected
rcs
disable_download_button
Display_Google_Imp_selected
PaidSearch_Google_Brand_Clicks
TV_Linaer15_Spend
total_spends_change
['TV_Linaer30_Spend', 'TV_Linaer30_Spend_change', 'Video_YouTubeDR_Imp', 'TV_Linaer15_Spend_change', 'PaidSearch_Bing_NonBrand_Clicks', 'contri_df', 'actual_df', 'PaidSocial_Facebook_Desktop_Imp', 'scenario_input', 'TV_Hulu_Imp_selected', 'Affiliates_Desktop_Spend_change', 'Mobile_Liftoff_Imp_selected', 'PaidSocial_Facebook_Mobile_Spend', 'PaidSocial_Facebook_Desktop_Imp_selected', 'Display_MSAN_Clicks_selected', 'authenticator', 'Video_YouTubeDR_Imp_selected', 'init', 'Mobile_GoogleUAC_Spend_selected', 'optimization_channels', 'TV_Linaer15_Spend_selected', 'Display_Quora_Clicks_selected', 'Mobile_GoogleUAC_Spend_change', 'PaidSearch_Google_Brand_Clicks_selected', 'PaidSocial_Facebook_Mobile_Spend_selected', 'TV_CTV_Spend_selected', 'Affiliates_AdBlock_Clicks_selected', 'username', 'Display_Taboola_Imp_selected', 'Display_Google_Imp', 'default_scenario_dict', 'Display_MSAN_Clicks', 'scenario', 'PaidSearch_Google_Brand_Clicks_change', 'Affiliates_AdBlock_Clicks_change', 'Video_Taboola_Imp_change', 'set', 'PaidSearch_Bing_Brand_Clicks_change', 'PaidSearch_Bing_NonBrand_Clicks_selected', 'PaidSocial_Facebook_Linkedin_Spend_selected', 'config', 'Video_Taboola_Imp', 'Mobile_GoogleUAC_Spend', 'PaidSearch_Bing_Brand_Clicks', 'TV_OTTCTV_Imp', 'TV_Hulu_Imp_change', 'PaidSearch_Bing_Brand_Clicks_selected', 'rcs', 'total_spends_change', 'Mobile_Liftoff_Imp_change', 'xlsx_buffer', 'PaidSearch_Google_NonBrand_Spend_change', 'PaidSocial_Facebook_Desktop_Imp_change', 'channels_list', 'Display_MSAN_Clicks_change', 'Affiliates_Desktop_Spend', 'Display_Quora_Clicks_change', 'Affiliates_Desktop_Spend_selected', 'TV_Hulu_Imp', 'PaidSocial_Facebook_Mobile_Spend_change', 'authentication_status', 'Video_Taboola_Imp_selected', 'logout', 'Video_YouTubeToF_Imp', 'Display_Taboola_Imp', 'Display_Google_Imp_change', 'PaidSearch_Bing_NonBrand_Clicks_change', 'Video_YouTubeToF_Imp_selected', 'PaidSocial_Facebook_Linkedin_Spend_change', 'saved_scenarios', 'Mobile_Liftoff_Imp', 'TV_OTTCTV_Imp_change', 'PaidSearch_Google_NonBrand_Spend', 'Affiliates_AdBlock_Clicks', 'Video_YouTubeToF_Imp_change', 'TV_Linaer30_Spend_selected', 'Display_Quora_Clicks', 'Video_YouTubeDR_Imp_change', 'raw_df', 'initialized', 'PaidSearch_Google_NonBrand_Spend_selected', 'PaidSocial_Facebook_Linkedin_Spend', 'Display_Taboola_Imp_change', 'optimze_all_channels', 'TV_OTTCTV_Imp_selected', 'name', 'TV_CTV_Spend', 'TV_CTV_Spend_change', 'disable_download_button', 'Display_Google_Imp_selected', 'PaidSearch_Google_Brand_Clicks', 'TV_Linaer15_Spend']
4.2M
4.3M
37M
133.8K
600.5K
2.3M
5.9M
4.1M
1.8M
24.6M
5.8M
70.6M
2.5M
623.8K
1.7M
3.4M
3.9M
2.2M
1.2M
356.8K
343.5K
72.3M
19.9M
TV_Linaer30_Spend
Mobile_Liftoff_Imp_change
TV_Linaer30_Spend_change
Video_YouTubeDR_Imp
xlsx_buffer
PaidSearch_Google_NonBrand_Spend_change
TV_Linaer15_Spend_change
PaidSearch_Bing_NonBrand_Clicks
contri_df
actual_df
PaidSocial_Facebook_Desktop_Imp
PaidSocial_Facebook_Desktop_Imp_change
scenario_input
TV_Hulu_Imp_selected
Affiliates_Desktop_Spend_change
Mobile_Liftoff_Imp_selected
channels_list
Display_MSAN_Clicks_change
PaidSocial_Facebook_Mobile_Spend
Affiliates_Desktop_Spend
PaidSocial_Facebook_Desktop_Imp_selected
Display_MSAN_Clicks_selected
Display_Quora_Clicks_change
Affiliates_Desktop_Spend_selected
TV_Hulu_Imp
PaidSocial_Facebook_Mobile_Spend_change
authentication_status
authenticator
Video_YouTubeDR_Imp_selected
Video_Taboola_Imp_selected
logout
Video_YouTubeToF_Imp
init
Display_Taboola_Imp
Mobile_GoogleUAC_Spend_selected
Display_Google_Imp_change
optimization_channels
TV_Linaer15_Spend_selected
Display_Quora_Clicks_selected
Mobile_GoogleUAC_Spend_change
PaidSearch_Google_Brand_Clicks_selected
PaidSocial_Facebook_Mobile_Spend_selected
PaidSearch_Bing_NonBrand_Clicks_change
Video_YouTubeToF_Imp_selected
TV_CTV_Spend_selected
PaidSocial_Facebook_Linkedin_Spend_change
saved_scenarios
Affiliates_AdBlock_Clicks_selected
username
Mobile_Liftoff_Imp
Display_Taboola_Imp_selected
TV_OTTCTV_Imp_change
Display_Google_Imp
PaidSearch_Google_NonBrand_Spend
default_scenario_dict
Display_MSAN_Clicks
Affiliates_AdBlock_Clicks
scenario
Video_YouTubeToF_Imp_change
PaidSearch_Google_Brand_Clicks_change
TV_Linaer30_Spend_selected
Display_Quora_Clicks
Video_YouTubeDR_Imp_change
Affiliates_AdBlock_Clicks_change
raw_df
initialized
Video_Taboola_Imp_change
set
PaidSearch_Google_NonBrand_Spend_selected
PaidSocial_Facebook_Linkedin_Spend
Display_Taboola_Imp_change
PaidSearch_Bing_Brand_Clicks_change
optimze_all_channels
TV_OTTCTV_Imp_selected
name
PaidSearch_Bing_NonBrand_Clicks_selected
TV_CTV_Spend
PaidSocial_Facebook_Linkedin_Spend_selected
config
Video_Taboola_Imp
Mobile_GoogleUAC_Spend
PaidSearch_Bing_Brand_Clicks
TV_OTTCTV_Imp
TV_CTV_Spend_change
TV_Hulu_Imp_change
PaidSearch_Bing_Brand_Clicks_selected
rcs
disable_download_button
Display_Google_Imp_selected
PaidSearch_Google_Brand_Clicks
TV_Linaer15_Spend
total_spends_change
TV_Linaer30_Spend
Mobile_Liftoff_Imp_change
TV_Linaer30_Spend_change
Video_YouTubeDR_Imp
xlsx_buffer
PaidSearch_Google_NonBrand_Spend_change
TV_Linaer15_Spend_change
PaidSearch_Bing_NonBrand_Clicks
contri_df
actual_df
PaidSocial_Facebook_Desktop_Imp
PaidSocial_Facebook_Desktop_Imp_change
scenario_input
TV_Hulu_Imp_selected
Affiliates_Desktop_Spend_change
Mobile_Liftoff_Imp_selected
channels_list
Display_MSAN_Clicks_change
PaidSocial_Facebook_Mobile_Spend
Affiliates_Desktop_Spend
PaidSocial_Facebook_Desktop_Imp_selected
Display_MSAN_Clicks_selected
Display_Quora_Clicks_change
Affiliates_Desktop_Spend_selected
TV_Hulu_Imp
PaidSocial_Facebook_Mobile_Spend_change
authentication_status
authenticator
Video_YouTubeDR_Imp_selected
Video_Taboola_Imp_selected
logout
Video_YouTubeToF_Imp
init
Mobile_GoogleUAC_Spend_selected
Display_Taboola_Imp
Display_Google_Imp_change
optimization_channels
TV_Linaer15_Spend_selected
Display_Quora_Clicks_selected
Mobile_GoogleUAC_Spend_change
PaidSearch_Google_Brand_Clicks_selected
PaidSocial_Facebook_Mobile_Spend_selected
PaidSearch_Bing_NonBrand_Clicks_change
Video_YouTubeToF_Imp_selected
TV_CTV_Spend_selected
PaidSocial_Facebook_Linkedin_Spend_change
saved_scenarios
Affiliates_AdBlock_Clicks_selected
username
Mobile_Liftoff_Imp
Display_Taboola_Imp_selected
TV_OTTCTV_Imp_change
Display_Google_Imp
PaidSearch_Google_NonBrand_Spend
default_scenario_dict
Display_MSAN_Clicks
Affiliates_AdBlock_Clicks
scenario
Video_YouTubeToF_Imp_change
PaidSearch_Google_Brand_Clicks_change
TV_Linaer30_Spend_selected
Display_Quora_Clicks
Video_YouTubeDR_Imp_change
/home/geeta/sim-opt-tool/deployment/Overview.py:61: FutureWarning:

this method is deprecated in favour of `Styler.hide(axis="index")`

